Log file open, 05/16/18 13:03:57
LogWindows: Failed to load 'aqProf.dll' (GetLastError=126)
LogWindows: File 'aqProf.dll' does not exist
LogWindows: Failed to load 'VtuneApi.dll' (GetLastError=126)
LogWindows: File 'VtuneApi.dll' does not exist
LogWindows: Failed to load 'VtuneApi32e.dll' (GetLastError=126)
LogWindows: File 'VtuneApi32e.dll' does not exist
LogInit: Display: Running engine for game: AGI_FightingGame
LogPlatformFile: Not using cached read wrapper
LogInit: Display: RandInit(-800296344) SRandInit(-800296344).
LogTaskGraph: Started task graph with 5 named threads and 14 total threads with 3 sets of task threads.
LogStats: Stats thread started at 0.165310
LogD3D11RHI: Aftermath initialized
LogPluginManager: Mounting plugin Paper2D
LogPluginManager: Mounting plugin LightPropagationVolume
LogPluginManager: Mounting plugin CodeLiteSourceCodeAccess
LogPluginManager: Mounting plugin GitSourceControl
LogPluginManager: Mounting plugin KDevelopSourceCodeAccess
LogPluginManager: Mounting plugin NullSourceCodeAccess
LogPluginManager: Mounting plugin PerforceSourceControl
LogPluginManager: Mounting plugin SubversionSourceControl
LogPluginManager: Mounting plugin UObjectPlugin
LogPluginManager: Mounting plugin VisualStudioSourceCodeAccess
LogPluginManager: Mounting plugin XCodeSourceCodeAccess
LogPluginManager: Mounting plugin AssetManagerEditor
LogPluginManager: Mounting plugin AudioCapture
LogPluginManager: Mounting plugin FacialAnimation
LogPluginManager: Mounting plugin GameplayTagsEditor
LogPluginManager: Mounting plugin MobileLauncherProfileWizard
LogPluginManager: Mounting plugin PluginBrowser
LogPluginManager: Mounting plugin SpeedTreeImporter
LogPluginManager: Mounting plugin AlembicImporter
LogPluginManager: Mounting plugin CharacterAI
LogPluginManager: Mounting plugin HTML5Networking
LogPluginManager: Mounting plugin AndroidMedia
LogPluginManager: Mounting plugin AvfMedia
LogPluginManager: Mounting plugin MediaPlayerEditor
LogPluginManager: Mounting plugin WmfMedia
LogPluginManager: Mounting plugin TcpMessaging
LogPluginManager: Mounting plugin UdpMessaging
LogPluginManager: Mounting plugin LevelSequenceEditor
LogPluginManager: Mounting plugin MatineeToLevelSequence
LogPluginManager: Mounting plugin OnlineSubsystemGooglePlay
LogPluginManager: Mounting plugin OnlineSubsystemIOS
LogPluginManager: Mounting plugin OnlineSubsystem
LogPluginManager: Mounting plugin OnlineSubsystemNull
LogPluginManager: Mounting plugin OnlineSubsystemUtils
LogPluginManager: Mounting plugin AndroidDeviceProfileSelector
LogPluginManager: Mounting plugin AndroidMoviePlayer
LogPluginManager: Mounting plugin AndroidPermission
LogPluginManager: Mounting plugin AppleMoviePlayer
LogPluginManager: Mounting plugin ArchVisCharacter
LogPluginManager: Mounting plugin CableComponent
LogPluginManager: Mounting plugin CustomMeshComponent
LogPluginManager: Mounting plugin ExampleDeviceProfileSelector
LogPluginManager: Mounting plugin GoogleCloudMessaging
LogPluginManager: Mounting plugin ImmediatePhysics
LogPluginManager: Mounting plugin IOSDeviceProfileSelector
LogPluginManager: Mounting plugin LinuxDeviceProfileSelector
LogPluginManager: Mounting plugin LocationServicesBPLibrary
LogPluginManager: Mounting plugin MobilePatchingUtils
LogPluginManager: Mounting plugin OculusVR
LogPluginManager: Mounting plugin PhysXVehicles
LogPluginManager: Mounting plugin ProceduralMeshComponent
LogPluginManager: Mounting plugin RuntimePhysXCooking
LogPluginManager: Mounting plugin SteamVR
LogPluginManager: Mounting plugin WindowsMoviePlayer
LogInit: Using libcurl 7.47.1
LogInit:  - built for x86_64-pc-win32
LogInit:  - supports SSL with OpenSSL/1.0.2g
LogInit:  - supports HTTP deflate (compression) using libz 1.2.8
LogInit:  - other features:
LogInit:      CURL_VERSION_SSL
LogInit:      CURL_VERSION_LIBZ
LogInit:      CURL_VERSION_IPV6
LogInit:      CURL_VERSION_ASYNCHDNS
LogInit:      CURL_VERSION_LARGEFILE
LogInit:      CURL_VERSION_IDN
LogInit:  CurlRequestOptions (configurable via config and command line):
LogInit:  - bVerifyPeer = false  - Libcurl will NOT verify peer certificate
LogInit:  - bUseHttpProxy = false  - Libcurl will NOT use HTTP proxy
LogInit:  - bDontReuseConnections = false  - Libcurl will reuse connections
LogInit:  - CertBundlePath = nullptr  - Libcurl will use whatever was configured at build time.
LogInit: Build: ++UE4+Release-4.17-CL-3658906
LogInit: Engine Version: 4.17.2-3658906+++UE4+Release-4.17
LogInit: Compatible Engine Version: 4.17.0-3573198+++UE4+Release-4.17
LogInit: Net CL: 3573198
LogDevObjectVersion: Number of dev versions registered: 16
LogDevObjectVersion:   Dev-Blueprints (B0D832E4-1F89-4F0D-ACCF-7EB736FD4AA2): 10
LogDevObjectVersion:   Dev-Build (E1C64328-A22C-4D53-A36C-8E866417BD8C): 0
LogDevObjectVersion:   Dev-Core (375EC13C-06E4-48FB-B500-84F0262A717E): 2
LogDevObjectVersion:   Dev-Editor (E4B068ED-F494-42E9-A231-DA0B2E46BB41): 20
LogDevObjectVersion:   Dev-Framework (CFFC743F-43B0-4480-9391-14DF171D2073): 28
LogDevObjectVersion:   Dev-Mobile (B02B49B5-BB20-44E9-A304-32B752E40360): 0
LogDevObjectVersion:   Dev-Networking (A4E4105C-59A1-49B5-A7C5-40C4547EDFEE): 0
LogDevObjectVersion:   Dev-Online (39C831C9-5AE6-47DC-9A44-9C173E1C8E7C): 0
LogDevObjectVersion:   Dev-Physics (78F01B33-EBEA-4F98-B9B4-84EACCB95AA2): 0
LogDevObjectVersion:   Dev-Platform (6631380F-2D4D-43E0-8009-CF276956A95A): 0
LogDevObjectVersion:   Dev-Rendering (12F88B9F-8875-4AFC-A67C-D90C383ABD29): 19
LogDevObjectVersion:   Dev-Sequencer (7B5AE74C-D270-4C10-A958-57980B212A5A): 4
LogDevObjectVersion:   Dev-VR (D7296918-1DD6-4BDD-9DE2-64A83CC13884): 0
LogDevObjectVersion:   Dev-LoadTimes (C2A15278-BFE7-4AFE-6C17-90FF531DF755): 1
LogDevObjectVersion:   Private-Geometry (6EACA3D4-40EC-4CC1-B786-8BED09428FC5): 1
LogDevObjectVersion:   Dev-AnimPhys (29E575DD-E0A3-4627-9D10-D276232CDCEA): 7
LogInit: Compiled (64-bit): Sep 22 2017 13:47:16
LogInit: Compiled with Visual C++: 19.00.24215.01
LogInit: Build Configuration: Development
LogInit: Branch Name: ++UE4+Release-4.17
LogInit: Command line:  
LogInit: Base directory: C:/Program Files/Epic Games/UE_4.17/Engine/Binaries/Win64/
LogInit: Installed Engine Build: 1
LogInit: Presizing for max 8388607 objects, including 0 objects not considered by GC, pre-allocating 0 bytes for permanent pool.
LogInit: Object subsystem initialized
[2018.05.16-12.03.58:895][  0]LogInit: Selected Device Profile: [Windows]
[2018.05.16-12.03.58:895][  0]LogInit: Applying CVar settings loaded from the selected device profile: [Windows]
[2018.05.16-12.03.58:905][  0]LogInit: Computer: DESKTOP-PJF3GQ6
[2018.05.16-12.03.58:905][  0]LogInit: User: Luke
[2018.05.16-12.03.58:905][  0]LogInit: CPU Page size=4096, Cores=4
[2018.05.16-12.03.58:905][  0]LogInit: High frequency timer resolution =3.421872 MHz
[2018.05.16-12.03.58:905][  0]LogMemory: Memory total: Physical=15.9GB (16GB approx)
[2018.05.16-12.03.58:905][  0]LogMemory: Platform Memory Stats for Windows
[2018.05.16-12.03.58:905][  0]LogMemory: Process Physical Memory: 280.30 MB used, 280.30 MB peak
[2018.05.16-12.03.58:905][  0]LogMemory: Process Virtual Memory: 291.21 MB used, 291.21 MB peak
[2018.05.16-12.03.58:905][  0]LogMemory: Physical Memory: 7442.20 MB used,  8887.53 MB free, 16329.73 MB total
[2018.05.16-12.03.58:905][  0]LogMemory: Virtual Memory: 704.41 MB used,  8887.53 MB free, 134217728.00 MB total
[2018.05.16-12.03.59:037][  0]LogInit: Using OS detected language (en-GB).
[2018.05.16-12.03.59:037][  0]LogInit: Using OS detected locale (en-GB).
[2018.05.16-12.03.59:040][  0]LogTextLocalizationManager: No specific localization for 'en-GB' exists, so the 'en' localization will be used.
[2018.05.16-12.03.59:609][  0]LogD3D11RHI: D3D11 adapters:
[2018.05.16-12.03.59:651][  0]LogD3D11RHI:    0. 'NVIDIA GeForce GTX 1080' (Feature Level 11_0)
[2018.05.16-12.03.59:651][  0]LogD3D11RHI:       8086/0/8164 MB DedicatedVideo/DedicatedSystem/SharedSystem, Outputs:2, VendorId:0x10de
[2018.05.16-12.03.59:654][  0]LogD3D11RHI:    1. 'Microsoft Basic Render Driver' (Feature Level 11_0)
[2018.05.16-12.03.59:654][  0]LogD3D11RHI:       0/0/8164 MB DedicatedVideo/DedicatedSystem/SharedSystem, Outputs:0, VendorId:0x1414
[2018.05.16-12.03.59:654][  0]LogD3D11RHI: Chosen D3D11 Adapter: 0
[2018.05.16-12.03.59:660][  0]LogD3D11RHI: Creating new Direct3DDevice
[2018.05.16-12.03.59:660][  0]LogD3D11RHI:     GPU DeviceId: 0x1b80 (for the marketing name, search the web for "GPU Device Id")
[2018.05.16-12.03.59:660][  0]LogWindows: EnumDisplayDevices:
[2018.05.16-12.03.59:660][  0]LogWindows:    0. 'NVIDIA GeForce GTX 1080' (P:1 D:1)
[2018.05.16-12.03.59:661][  0]LogWindows:    1. 'NVIDIA GeForce GTX 1080' (P:0 D:1)
[2018.05.16-12.03.59:661][  0]LogWindows:    2. 'NVIDIA GeForce GTX 1080' (P:0 D:0)
[2018.05.16-12.03.59:661][  0]LogWindows:    3. 'NVIDIA GeForce GTX 1080' (P:0 D:0)
[2018.05.16-12.03.59:661][  0]LogWindows: DebugString: GetVideoDriverDetailsInvalid PrimaryIsNotTheChoosenAdapter GetVideoDriverDetailsInvalid PrimaryIsNotTheChoosenAdapter GetVideoDriverDetailsInvalid PrimaryIsNotTheChoosenAdapter GetVideoDriverDetailsInvalid PrimaryIsNotTheChoosenAdapter FoundDriverCount:0 
[2018.05.16-12.03.59:661][  0]LogD3D11RHI:     Adapter Name: NVIDIA GeForce GTX 1080
[2018.05.16-12.03.59:661][  0]LogD3D11RHI:   Driver Version: Unknown (internal:Unknown, unified:Unknown)
[2018.05.16-12.03.59:661][  0]LogD3D11RHI:      Driver Date: Unknown
[2018.05.16-12.03.59:661][  0]LogRHI: Texture pool is 1361 MB (70% of 1945 MB)
[2018.05.16-12.03.59:682][  0]LogD3D11RHI: Async texture creation enabled
[2018.05.16-12.03.59:693][  0]LogD3D11RHI: GPU Timing Frequency: 1000.000000 (Debug: 2 1)
[2018.05.16-12.03.59:743][  0]LogShaderCompilers: Guid format shader working directory is -41 characters bigger than the processId version (../../../../../../Users/Luke/Documents/REPOS/AGI/AGI_Project-develop/AGI_FightingGame/Intermediate/Shaders/WorkingDirectory/17816/).
[2018.05.16-12.03.59:743][  0]LogShaderCompilers: Cleaned the shader compiler working directory 'C:/Users/Luke/AppData/Local/Temp/UnrealShaderWorkingDir/4924E06846972DF5FDEEDE920357B20B/'.
[2018.05.16-12.03.59:743][  0]LogShaderCompilers: Display: Using Local Shader Compiler.
[2018.05.16-12.04.00:506][  0]LogTemp: Display: Loaded TP AllDesktopTargetPlatform
[2018.05.16-12.04.00:553][  0]LogTemp: Display: Loaded TP MacClientTargetPlatform
[2018.05.16-12.04.00:600][  0]LogTemp: Display: Loaded TP MacNoEditorTargetPlatform
[2018.05.16-12.04.00:646][  0]LogTemp: Display: Loaded TP MacServerTargetPlatform
[2018.05.16-12.04.00:692][  0]LogTemp: Display: Loaded TP MacTargetPlatform
[2018.05.16-12.04.00:738][  0]LogTemp: Display: Loaded TP WindowsClientTargetPlatform
[2018.05.16-12.04.00:784][  0]LogTemp: Display: Loaded TP WindowsNoEditorTargetPlatform
[2018.05.16-12.04.00:830][  0]LogTemp: Display: Loaded TP WindowsServerTargetPlatform
[2018.05.16-12.04.00:872][  0]LogTemp: Display: Loaded TP WindowsTargetPlatform
[2018.05.16-12.04.00:918][  0]LogTemp: Display: Loaded TP AndroidTargetPlatform
[2018.05.16-12.04.00:964][  0]LogTemp: Display: Loaded TP Android_ASTCTargetPlatform
[2018.05.16-12.04.01:009][  0]LogTemp: Display: Loaded TP Android_ATCTargetPlatform
[2018.05.16-12.04.01:054][  0]LogTemp: Display: Loaded TP Android_DXTTargetPlatform
[2018.05.16-12.04.01:098][  0]LogTemp: Display: Loaded TP Android_ETC1TargetPlatform
[2018.05.16-12.04.01:143][  0]LogTemp: Display: Loaded TP Android_ETC2TargetPlatform
[2018.05.16-12.04.01:233][  0]LogTemp: Display: Loaded TP Android_MultiTargetPlatform
[2018.05.16-12.04.01:233][  0]LogTemp: Display: Loaded TP Android_PVRTCTargetPlatform
[2018.05.16-12.04.01:271][  0]LogTemp: Display: Loaded TP HTML5TargetPlatform
[2018.05.16-12.04.01:354][  0]LogTemp: Display: Loaded TP IOSTargetPlatform
[2018.05.16-12.04.01:379][  0]LogTemp: Display: Loaded TP TVOSTargetPlatform
[2018.05.16-12.04.01:424][  0]LogTemp: Display: Loaded TP LinuxClientTargetPlatform
[2018.05.16-12.04.01:469][  0]LogTemp: Display: Loaded TP LinuxNoEditorTargetPlatform
[2018.05.16-12.04.01:514][  0]LogTemp: Display: Loaded TP LinuxServerTargetPlatform
[2018.05.16-12.04.01:559][  0]LogTemp: Display: Loaded TP LinuxTargetPlatform
[2018.05.16-12.04.01:560][  0]LogTargetPlatformManager: Display: Building Assets For Windows
[2018.05.16-12.04.01:981][  0]LogDerivedDataCache: Display: Max Cache Size: 512 MB
[2018.05.16-12.04.02:058][  0]LogDerivedDataCache: Loaded boot cache 0.08s 94MB C:/Users/Luke/AppData/Local/UnrealEngine/4.17/DerivedDataCache/Boot.ddc.
[2018.05.16-12.04.02:058][  0]LogDerivedDataCache: Display: Loaded Boot cache: C:/Users/Luke/AppData/Local/UnrealEngine/4.17/DerivedDataCache/Boot.ddc
[2018.05.16-12.04.02:059][  0]LogDerivedDataCache: FDerivedDataBackendGraph:  Pak pak cache file ../../../../../../Users/Luke/Documents/REPOS/AGI/AGI_Project-develop/AGI_FightingGame/DerivedDataCache/DDC.ddp not found, will not use a pak cache.
[2018.05.16-12.04.02:059][  0]LogDerivedDataCache: Unable to find inner node Pak for hierarchical cache Hierarchy.
[2018.05.16-12.04.02:059][  0]LogDerivedDataCache: FDerivedDataBackendGraph:  CompressedPak pak cache file ../../../../../../Users/Luke/Documents/REPOS/AGI/AGI_Project-develop/AGI_FightingGame/DerivedDataCache/Compressed.ddp not found, will not use a pak cache.
[2018.05.16-12.04.02:059][  0]LogDerivedDataCache: Unable to find inner node CompressedPak for hierarchical cache Hierarchy.
[2018.05.16-12.04.02:071][  0]LogDerivedDataCache: Display: Pak cache opened for reading ../../../Engine/DerivedDataCache/Compressed.ddp.
[2018.05.16-12.04.02:084][  0]LogDerivedDataCache: Using Local data cache path C:/Users/Luke/AppData/Local/UnrealEngine/Common/DerivedDataCache: Writable
[2018.05.16-12.04.02:092][  0]LogMaterial: Verifying Global Shaders for PCD3D_SM5
[2018.05.16-12.04.02:092][  0]LogSlate: Using Freetype 2.6.0
[2018.05.16-12.04.02:093][  0]LogSlate: SlateFontCache - WITH_FREETYPE: 1, WITH_HARFBUZZ: 1
[2018.05.16-12.04.02:093][  0]LogSlate: SlateFontCache - WITH_FREETYPE: 1, WITH_HARFBUZZ: 1
[2018.05.16-12.04.02:325][  0]LogAssetRegistry: FAssetRegistry took 0.0252 seconds to start up
[2018.05.16-12.04.02:420][  0]LogInit: Selected Device Profile: [Windows]
[2018.05.16-12.04.02:564][  0]LogContentStreaming: Texture pool size is 0.00 MB
[2018.05.16-12.04.02:822][  0]LogSimplygon: Simplygon DLL not present - disabling.
[2018.05.16-12.04.02:860][  0]LogMeshReduction: Using SimplygonSwarm for distributed automatic mesh merging
[2018.05.16-12.04.02:860][  0]LogMeshReduction: Using QuadricMeshReduction for automatic static mesh reduction
[2018.05.16-12.04.02:860][  0]LogMeshReduction: No automatic skeletal mesh reduction module available
[2018.05.16-12.04.02:860][  0]LogMeshReduction: No automatic mesh merging module available
[2018.05.16-12.04.02:860][  0]LogMeshMerging: No automatic mesh merging module available
[2018.05.16-12.04.03:178][  0]LogNetVersion: AGI_FightingGame , NetCL: 3573198, EngineNetVer: 2, GameNetVer: 0 (Checksum: 1367398240)
[2018.05.16-12.04.03:408][  0]LogPackageLocalizationCache: Processed 5 localized package path(s) for 2 prioritized culture(s) in 0.077844 seconds
[2018.05.16-12.04.03:412][  0]LogUObjectArray: 35825 objects as part of root set at end of initial load.
[2018.05.16-12.04.03:412][  0]LogUObjectAllocator: 7529104 out of 0 bytes used by permanent object pool.
[2018.05.16-12.04.03:412][  0]LogUObjectArray: CloseDisregardForGC: 0/0 objects in disregard for GC pool
[2018.05.16-12.04.03:462][  0]LogInit: WinSock: version 1.1 (2.2), MaxSocks=32767, MaxUdp=65467
[2018.05.16-12.04.05:753][  0]LogTcpMessaging: Initializing TcpMessaging bridge
[2018.05.16-12.04.05:789][  0]LogUdpMessaging: Initializing bridge on interface 0.0.0.0:0 to multicast group 230.0.0.1:6666.
[2018.05.16-12.04.06:621][  0]LogMaterial: Uniform references updated for custom material expression Custom.
[2018.05.16-12.04.07:160][  0]SourceControl: Source control is disabled
[2018.05.16-12.04.07:160][  0]SourceControl: Source control is disabled
[2018.05.16-12.04.07:209][  0]SourceControl: Source control is disabled
[2018.05.16-12.04.07:257][  0]SourceControl: Source control is disabled
[2018.05.16-12.04.07:815][  0]LogAndroidPermission: UAndroidPermissionCallbackProxy::GetInstance
[2018.05.16-12.04.08:045][  0]LogOcInput: OculusInput pre-init called
[2018.05.16-12.04.08:284][  0]LogEngine: Initializing Engine...
[2018.05.16-12.04.08:286][  0]LogHMD: Failed to initialize OpenVR with code 110
[2018.05.16-12.04.08:479][  0]LogStats: UGameplayTagsManager::ConstructGameplayTagTree: Construct from data asset -  0.000 s
[2018.05.16-12.04.08:479][  0]LogStats: UGameplayTagsManager::ConstructGameplayTagTree: GameplayTagTreeChangedEvent.Broadcast -  0.000 s
[2018.05.16-12.04.08:603][  0]LogAIModule: Creating AISystem for world Untitled
[2018.05.16-12.04.08:612][  0]LogInit: XAudio2 using 'Speakers (High Definition Audio Device)' : 2 channels at 44.1 kHz using 16 bits per sample (channel mask 0x3)
[2018.05.16-12.04.08:628][  0]LogInit: FAudioDevice initialized.
[2018.05.16-12.04.08:709][  0]LogDerivedDataCache: Saved boot cache 0.08s 93MB C:/Users/Luke/AppData/Local/UnrealEngine/4.17/DerivedDataCache/Boot.ddc.
[2018.05.16-12.04.08:721][  0]LogInit: Texture streaming: Enabled
[2018.05.16-12.04.08:817][  0]LogEngineSessionManager: EngineSessionManager initialized
[2018.05.16-12.04.08:817][  0]LogEngineSessionManager: EngineSessionManager sent abnormal shutdown report. Type=Crashed, SessionId={F4D6AF67-447B-EDD4-84FE-FAB6A5A5370B}
[2018.05.16-12.04.09:019][  0]LogInit: Transaction tracking system initialized
[2018.05.16-12.04.09:306][  0]BlueprintLog: New page: Editor Load
[2018.05.16-12.04.10:180][  0]LocalizationService: Localization service is disabled
[2018.05.16-12.04.10:813][  0]LogConsoleResponse: Display: 
[2018.05.16-12.04.10:980][  0]LogCook: Display: Max memory allowance for cook 16384mb min free memory 0mb
[2018.05.16-12.04.10:980][  0]LogCook: Display: Mobile HDR setting 1
[2018.05.16-12.04.10:980][  0]LogGameplayTags: Display: UGameplayTagsManager::DoneAddingNativeTags. DelegateIsBound: 0
[2018.05.16-12.04.11:911][  0]LogFileCache: Scanning file cache for directory 'C:/Users/Luke/Documents/REPOS/AGI/AGI_Project-develop/AGI_FightingGame/Content/' took 0.03s
[2018.05.16-12.04.11:954][  0]SourceControl: Source control is disabled
[2018.05.16-12.04.11:954][  0]Cmd: MAP LOAD FILE="../../../../../../Users/Luke/Documents/REPOS/AGI/AGI_Project-develop/AGI_FightingGame/Content/SideScrollerCPP/Maps/SideScrollerExampleMap.umap" TEMPLATE=0 SHOWPROGRESS=1 FEATURELEVEL=3
[2018.05.16-12.04.11:955][  0]LightingResults: New page: Lighting Build
[2018.05.16-12.04.11:993][  0]MapCheck: New page: Map Check
[2018.05.16-12.04.11:993][  0]LightingResults: New page: Lighting Build
[2018.05.16-12.04.12:313][  0]LogBlueprint: Warning: [Compiler PersistentLevel.SideScrollerExampleMap] Node  Unknown  is not referencing a valid level actor
[2018.05.16-12.04.12:315][  0]LogBlueprint: Warning: [Compiler PersistentLevel.SideScrollerExampleMap] [0015.61] Compile of PersistentLevel.SideScrollerExampleMap successful, but with 1 Warning(s) [in 3 ms] (/Game/SideScrollerCPP/Maps/SideScrollerExampleMap.SideScrollerExampleMap:PersistentLevel.SideScrollerExampleMap)
[2018.05.16-12.04.12:474][  0]LogAIModule: Creating AISystem for world SideScrollerExampleMap
[2018.05.16-12.04.12:482][  0]LogEditorServer: Finished looking for orphan Actors (0.000 secs)
[2018.05.16-12.04.12:500][  0]Cmd: MAP CHECKDEP NOCLEARLOG
[2018.05.16-12.04.12:570][  0]MapCheck: Map check complete: 0 Error(s), 0 Warning(s), took 69.998ms to complete.
[2018.05.16-12.04.12:571][  0]LogFileHelpers: Loading map 'SideScrollerExampleMap' took 0.616
[2018.05.16-12.04.12:698][  0]LogCollectionManager: Loaded 0 collections in 0.001586 seconds
[2018.05.16-12.04.12:778][  0]LogFileCache: Scanning file cache for directory 'C:/Users/Luke/Documents/REPOS/AGI/AGI_Project-develop/AGI_FightingGame/Saved/Collections/' took 0.01s
[2018.05.16-12.04.12:778][  0]LogFileCache: Scanning file cache for directory 'C:/Users/Luke/Documents/REPOS/AGI/AGI_Project-develop/AGI_FightingGame/Content/Developers/Luke/Collections/' took 0.01s
[2018.05.16-12.04.12:778][  0]LogFileCache: Scanning file cache for directory 'C:/Users/Luke/Documents/REPOS/AGI/AGI_Project-develop/AGI_FightingGame/Content/Collections/' took 0.01s
[2018.05.16-12.04.12:778][  0]LogCollectionManager: Rebuilt the GUID cache for 0 collections in 0.000001 seconds
[2018.05.16-12.04.12:787][  0]LogContentBrowser: Native class hierarchy populated in 0.0084 seconds. Added 2394 classes and 502 folders.
[2018.05.16-12.04.12:846][  0]LogContentBrowser: Native class hierarchy updated for 'WidgetCarousel' in 0.0018 seconds. Added 0 classes and 0 folders.
[2018.05.16-12.04.12:889][  0]LogContentBrowser: Native class hierarchy updated for 'AddContentDialog' in 0.0017 seconds. Added 0 classes and 0 folders.
[2018.05.16-12.04.12:933][  0]LogContentBrowser: Native class hierarchy updated for 'SceneOutliner' in 0.0019 seconds. Added 1 classes and 2 folders.
[2018.05.16-12.04.12:988][  0]LogSlate: Took 0.000326 seconds to synchronously load lazily loaded font '../../../Engine/Content/Slate/Fonts/Roboto-Regular.ttf' (155K)
[2018.05.16-12.04.12:991][  0]LogSlate: Took 0.000356 seconds to synchronously load lazily loaded font '../../../Engine/Content/Slate/Fonts/Roboto-Bold.ttf' (160K)
[2018.05.16-12.04.12:995][  0]LogSlate: Took 0.000212 seconds to synchronously load lazily loaded font '../../../Engine/Content/Editor/Slate/Fonts/FontAwesome.ttf' (139K)
[2018.05.16-12.04.13:094][  0]LogRenderer: Reallocating scene render targets to support 1232x584 Format 10 NumSamples 1 (Frame:1).
[2018.05.16-12.04.13:135][  0]LogSlate: Took 0.000187 seconds to synchronously load lazily loaded font '../../../Engine/Content/Slate/Fonts/Roboto-Light.ttf' (159K)
[2018.05.16-12.04.13:249][  0]LogContentBrowser: Native class hierarchy updated for 'HierarchicalLODOutliner' in 0.0019 seconds. Added 1 classes and 2 folders.
[2018.05.16-12.04.13:249][  0]LogLoad: (Engine Initialization) Total time: 16.54 seconds
[2018.05.16-12.04.13:249][  0]LogLoad: (Engine Initialization) Total Blueprint compile time: 0.00 seconds
[2018.05.16-12.04.13:249][  0]LogExternalProfiler: Found external profiler: VSPerf
[2018.05.16-12.04.13:249][  0]LogExternalProfiler: Using external profiler: VSPerf
[2018.05.16-12.04.13:583][  0]LogWindowsTextInputMethodSystem: Display: IME system now deactivated.
[2018.05.16-12.04.13:619][  0]LogContentStreaming: Texture pool size now 1000 MB
[2018.05.16-12.04.13:922][  1]LogFileCache: Retrieving MD5 hashes for directory 'C:/Users/Luke/Documents/REPOS/AGI/AGI_Project-develop/AGI_FightingGame/Content/' took 0.32s
[2018.05.16-12.04.13:936][  1]LogAssetRegistry: Asset discovery search completed in 11.6332 seconds
[2018.05.16-12.04.13:939][  1]LogCollectionManager: Rebuilt the object cache for 0 collections in 0.000000 seconds (found 0 objects)
[2018.05.16-12.04.13:939][  1]LogCollectionManager: Fixed up redirectors for 0 collections in 0.000058 seconds (updated 0 objects)
[2018.05.16-12.04.14:590][  3]LogSlate: Took 0.000231 seconds to synchronously load lazily loaded font '../../../Engine/Content/Slate/Fonts/Roboto-Light.ttf' (159K)
[2018.05.16-12.14.04:485][618]LogSlate: Took 0.000159 seconds to synchronously load lazily loaded font '../../../Engine/Content/Slate/Fonts/Roboto-Light.ttf' (159K)
[2018.05.16-12.14.04:848][618]LogContentBrowser: Native class hierarchy updated for 'BlueprintGraph' in 0.0023 seconds. Added 113 classes and 0 folders.
[2018.05.16-12.14.05:386][618]LogSlate: Took 0.000225 seconds to synchronously load lazily loaded font '../../../Engine/Content/Editor/Slate/Fonts/Roboto-BoldCondensed.ttf' (158K)
[2018.05.16-12.14.06:875][768]LogSlate: Took 0.000218 seconds to synchronously load lazily loaded font '../../../Engine/Content/Editor/Slate/Fonts/Roboto-Italic.ttf' (157K)
[2018.05.16-12.14.34:421][933]BlueprintLog: New page: Compile BP_MyFighterGameInstance
[2018.05.16-12.14.34:507][933]LogBlueprint: Warning: [Compiler PersistentLevel.SideScrollerExampleMap] Node  Unknown  is not referencing a valid level actor
[2018.05.16-12.14.34:522][933]LogBlueprint: Warning: [Compiler PersistentLevel.SideScrollerExampleMap] [0637.82] Compile of PersistentLevel.SideScrollerExampleMap successful, but with 1 Warning(s) [in 90 ms] (/Game/SideScrollerCPP/Maps/SideScrollerExampleMap.SideScrollerExampleMap:PersistentLevel.SideScrollerExampleMap)
[2018.05.16-12.15.00:166][898]BlueprintLog: New page: Compile SideScrollerExampleMap
[2018.05.16-12.15.01:160][ 13]LogTemp: Repeating last play command: Selected Viewport
[2018.05.16-12.15.01:281][ 13]LogBlueprintUserMessages: Early PlayInEditor Detection: Level '/Game/SideScrollerCPP/Maps/SideScrollerExampleMap.SideScrollerExampleMap:PersistentLevel' has LevelScriptBlueprint '/Game/SideScrollerCPP/Maps/SideScrollerExampleMap.SideScrollerExampleMap:PersistentLevel.SideScrollerExampleMap' with GeneratedClass '/Game/SideScrollerCPP/Maps/SideScrollerExampleMap.SideScrollerExampleMap_C' with ClassGeneratedBy '/Game/SideScrollerCPP/Maps/SideScrollerExampleMap.SideScrollerExampleMap:PersistentLevel.SideScrollerExampleMap'
[2018.05.16-12.15.01:281][ 13]LogPlayLevel: PlayLevel: No blueprints needed recompiling
[2018.05.16-12.15.01:285][ 13]PIE: New page: PIE session: SideScrollerExampleMap (16 May 2018 14:15:01)
[2018.05.16-12.15.01:295][ 13]LogPlayLevel: Creating play world package: /Game/SideScrollerCPP/Maps/UEDPIE_1_SideScrollerExampleMap
[2018.05.16-12.15.01:313][ 13]LogPlayLevel: PIE: StaticDuplicateObject took: (0.017243s)
[2018.05.16-12.15.01:314][ 13]LogAIModule: Creating AISystem for world SideScrollerExampleMap
[2018.05.16-12.15.01:315][ 13]LogPlayLevel: PIE: World Init took: (0.001662s)
[2018.05.16-12.15.01:315][ 13]LogPlayLevel: PIE: Created PIE world by copying editor world from /Game/SideScrollerCPP/Maps/SideScrollerExampleMap.SideScrollerExampleMap to /Game/SideScrollerCPP/Maps/UEDPIE_1_SideScrollerExampleMap.SideScrollerExampleMap (0.019440s)
[2018.05.16-12.15.01:339][ 13]LogInit: XAudio2 using 'Speakers (High Definition Audio Device)' : 2 channels at 44.1 kHz using 16 bits per sample (channel mask 0x3)
[2018.05.16-12.15.01:344][ 13]LogInit: FAudioDevice initialized.
[2018.05.16-12.15.01:403][ 13]LogLoad: Game class is 'AGI_FightingGameGameMode'
[2018.05.16-12.15.01:407][ 13]LogWorld: Bringing World /Game/SideScrollerCPP/Maps/UEDPIE_1_SideScrollerExampleMap.SideScrollerExampleMap up for play (max tick rate 0) at 2018.05.16-13.15.01
[2018.05.16-12.15.01:407][ 13]LogWorld: Bringing up level for play took: 0.003131
[2018.05.16-12.15.01:408][ 13]LogGameMode: FindPlayerStart: PATHS NOT DEFINED or NO PLAYERSTART with positive rating
[2018.05.16-12.15.01:449][ 13]LogContentBrowser: Native class hierarchy updated for 'MovieSceneCapture' in 0.0020 seconds. Added 11 classes and 0 folders.
[2018.05.16-12.15.01:450][ 13]LogTemp: Display: ParseSettings for GameNetDriver
[2018.05.16-12.15.01:450][ 13]LogTemp: Display: ParseSettings for IpNetDriver_0
[2018.05.16-12.15.01:450][ 13]LogTemp: Display: ParseSettings for GameNetDriver
[2018.05.16-12.15.01:450][ 13]LogInit: WinSock: Socket queue 131072 / 131072
[2018.05.16-12.15.01:451][ 13]LogInit: WinSock: I am DESKTOP-PJF3GQ6 (10.0.1.14:0)
[2018.05.16-12.15.01:451][ 13]PacketHandlerLog: Loaded PacketHandler component: Engine.EngineHandlerComponentFactory (StatelessConnectHandlerComponent)
[2018.05.16-12.15.01:451][ 13]LogNet: GameNetDriver IpNetDriver_0 IpNetDriver listening on port 7777
[2018.05.16-12.15.01:454][ 13]PIE: Play in editor start time for /Game/SideScrollerCPP/Maps/UEDPIE_1_SideScrollerExampleMap 0.33
[2018.05.16-12.15.01:459][ 13]PIE: New page: PIE session: SideScrollerExampleMap (16 May 2018 14:15:01)
[2018.05.16-12.15.01:513][ 13]LogNet: Browse: 127.0.0.1//Game/SideScrollerCPP/Maps/SideScrollerExampleMap
[2018.05.16-12.15.01:513][ 13]LogTemp: Display: ParseSettings for GameNetDriver
[2018.05.16-12.15.01:513][ 13]LogTemp: Display: ParseSettings for IpNetDriver_1
[2018.05.16-12.15.01:513][ 13]LogTemp: Display: ParseSettings for PendingNetDriver
[2018.05.16-12.15.01:513][ 13]LogInit: WinSock: Socket queue 32768 / 32768
[2018.05.16-12.15.01:514][ 13]PacketHandlerLog: Loaded PacketHandler component: Engine.EngineHandlerComponentFactory (StatelessConnectHandlerComponent)
[2018.05.16-12.15.01:514][ 13]LogNet: Game client on port 7777, rate 10000
[2018.05.16-12.15.01:516][ 13]PIE: Play in editor start time for /Game/SideScrollerCPP/Maps/SideScrollerExampleMap 0.392
[2018.05.16-12.15.01:527][ 13]LogBlueprintUserMessages: Late PlayInEditor Detection: Level '/Game/SideScrollerCPP/Maps/SideScrollerExampleMap.SideScrollerExampleMap:PersistentLevel' has LevelScriptBlueprint '/Game/SideScrollerCPP/Maps/SideScrollerExampleMap.SideScrollerExampleMap:PersistentLevel.SideScrollerExampleMap' with GeneratedClass '/Game/SideScrollerCPP/Maps/SideScrollerExampleMap.SideScrollerExampleMap_C' with ClassGeneratedBy '/Game/SideScrollerCPP/Maps/SideScrollerExampleMap.SideScrollerExampleMap:PersistentLevel.SideScrollerExampleMap'
[2018.05.16-12.15.01:528][ 13]LogNet: Browse: /Game/SideScrollerCPP/Maps/MainMenuMap
[2018.05.16-12.15.01:529][ 13]LogLoad: LoadMap: /Game/SideScrollerCPP/Maps/MainMenuMap
[2018.05.16-12.15.01:529][ 13]LogNet: World NetDriver shutdown IpNetDriver_0 [GameNetDriver]
[2018.05.16-12.15.01:529][ 13]LogNet: DestroyNamedNetDriver IpNetDriver_0 [GameNetDriver]
[2018.05.16-12.15.01:529][ 13]LogExit: GameNetDriver IpNetDriver_0 shut down
[2018.05.16-12.15.01:547][ 13]Cmd: MEM
[2018.05.16-12.15.01:562][ 13]LogMemory: Platform Memory Stats for Windows
[2018.05.16-12.15.01:562][ 13]LogMemory: Process Physical Memory: 1288.75 MB used, 1296.47 MB peak
[2018.05.16-12.15.01:562][ 13]LogMemory: Process Virtual Memory: 2305.63 MB used, 2305.63 MB peak
[2018.05.16-12.15.01:562][ 13]LogMemory: Physical Memory: 9302.32 MB used,  7027.40 MB free, 16329.73 MB total
[2018.05.16-12.15.01:562][ 13]LogMemory: Virtual Memory: 3195.01 MB used,  7027.40 MB free, 134217728.00 MB total
[2018.05.16-12.15.01:562][ 13]LogMemory: 
[2018.05.16-12.15.01:562][ 13]Allocator Stats for TBB: (not implemented)
[2018.05.16-12.15.01:935][ 13]LogAIModule: Creating AISystem for world MainMenuMap
[2018.05.16-12.15.01:935][ 13]LogLoad: Game class is 'AGI_FightingGameGameMode'
[2018.05.16-12.15.01:936][ 13]LogWorld: Bringing World /Game/SideScrollerCPP/Maps/UEDPIE_1_MainMenuMap.MainMenuMap up for play (max tick rate 0) at 2018.05.16-13.15.01
[2018.05.16-12.15.01:936][ 13]LogWorld: Bringing up level for play took: 0.000704
[2018.05.16-12.15.01:937][ 13]LogGameMode: FindPlayerStart: PATHS NOT DEFINED or NO PLAYERSTART with positive rating
[2018.05.16-12.15.01:938][ 13]LogLoad: Took 0.409466 seconds to LoadMap(/Game/SideScrollerCPP/Maps/MainMenuMap)
[2018.05.16-12.15.01:955][ 13]LogRenderer: Reallocating scene render targets to support 1292x756 Format 10 NumSamples 1 (Frame:1).
[2018.05.16-12.15.02:021][ 14]PIE: Error: SetInputMode_UIOnly expects a valid player controller as target
[2018.05.16-12.15.02:021][ 14]LogScript: Warning: Accessed None trying to read property CallFunc_GetPlayerController_ReturnValue2
	BP_MyFighterGameInstance_C /Engine/Transient.UnrealEdEngine_0:BP_MyFighterGameInstance_C_1
	Function /Game/BP_MyFighterGameInstance.BP_MyFighterGameInstance_C:ExecuteUbergraph_BP_MyFighterGameInstance:02B9
[2018.05.16-12.15.02:021][ 14]PIE: Error: Blueprint Runtime Error: Accessed None trying to read property CallFunc_GetPlayerController_ReturnValue2 from function: 'ExecuteUbergraph_BP_MyFighterGameInstance' from node: Set bShowMouseCursor in graph: EventGraph in object: BP_MyFighterGameInstance with description: Accessed None trying to read property CallFunc_GetPlayerController_ReturnValue2
[2018.05.16-12.15.02:646][ 83]LogNet: Browse: /Game/SideScrollerCPP/Maps/SideScrollerExampleMap
[2018.05.16-12.15.02:647][ 83]LogLoad: LoadMap: /Game/SideScrollerCPP/Maps/SideScrollerExampleMap
[2018.05.16-12.15.02:663][ 83]Cmd: MEM
[2018.05.16-12.15.02:679][ 83]LogMemory: Platform Memory Stats for Windows
[2018.05.16-12.15.02:679][ 83]LogMemory: Process Physical Memory: 1542.23 MB used, 1543.00 MB peak
[2018.05.16-12.15.02:679][ 83]LogMemory: Process Virtual Memory: 2518.62 MB used, 2658.15 MB peak
[2018.05.16-12.15.02:679][ 83]LogMemory: Physical Memory: 9505.26 MB used,  6824.47 MB free, 16329.73 MB total
[2018.05.16-12.15.02:679][ 83]LogMemory: Virtual Memory: 3448.01 MB used,  6824.47 MB free, 134217728.00 MB total
[2018.05.16-12.15.02:679][ 83]LogMemory: 
[2018.05.16-12.15.02:679][ 83]Allocator Stats for TBB: (not implemented)
[2018.05.16-12.15.02:679][ 83]LogPlayLevel: Creating play world package: /Game/SideScrollerCPP/Maps/UEDPIE_1_SideScrollerExampleMap
[2018.05.16-12.15.02:695][ 83]LogPlayLevel: PIE: StaticDuplicateObject took: (0.016126s)
[2018.05.16-12.15.02:697][ 83]LogAIModule: Creating AISystem for world SideScrollerExampleMap
[2018.05.16-12.15.02:697][ 83]LogPlayLevel: PIE: World Init took: (0.001604s)
[2018.05.16-12.15.02:697][ 83]LogPlayLevel: PIE: Created PIE world by copying editor world from /Game/SideScrollerCPP/Maps/SideScrollerExampleMap.SideScrollerExampleMap to /Game/SideScrollerCPP/Maps/UEDPIE_1_SideScrollerExampleMap.SideScrollerExampleMap (0.018349s)
[2018.05.16-12.15.02:697][ 83]LogLoad: Game class is 'AGI_FightingGameGameMode'
[2018.05.16-12.15.02:703][ 83]LogWorld: Bringing World /Game/SideScrollerCPP/Maps/UEDPIE_1_SideScrollerExampleMap.SideScrollerExampleMap up for play (max tick rate 0) at 2018.05.16-13.15.02
[2018.05.16-12.15.02:703][ 83]LogWorld: Bringing up level for play took: 0.005152
[2018.05.16-12.15.02:704][ 83]LogGameMode: FindPlayerStart: PATHS NOT DEFINED or NO PLAYERSTART with positive rating
[2018.05.16-12.15.02:704][ 83]LogLoad: Took 0.057682 seconds to LoadMap(/Game/SideScrollerCPP/Maps/UEDPIE_1_SideScrollerExampleMap)
[2018.05.16-12.15.03:174][ 83]LogWindows: Error: === Critical error: ===
[2018.05.16-12.15.03:174][ 83]LogWindows: Error: 
[2018.05.16-12.15.03:174][ 83]LogWindows: Error: Fatal error!
[2018.05.16-12.15.03:174][ 83]LogWindows: Error: 
[2018.05.16-12.15.03:174][ 83]LogWindows: Error: Unhandled Exception: EXCEPTION_ACCESS_VIOLATION reading address 0x00000178
[2018.05.16-12.15.03:174][ 83]LogWindows: Error: 
[2018.05.16-12.15.03:174][ 83]LogWindows: Error: UE4Editor-AGI_FightingGame.dll!UCameraManager::TickComponent() [c:\users\luke\documents\repos\agi\agi_project-develop\agi_fightinggame\source\agi_fightinggame\cameramanager.cpp:42]
[2018.05.16-12.15.03:174][ 83]LogWindows: Error: UE4Editor-Engine.dll!0x0000000066C99504
[2018.05.16-12.15.03:174][ 83]LogWindows: Error: UE4Editor-Engine.dll!0x0000000066CCEBD5
[2018.05.16-12.15.03:174][ 83]LogWindows: Error: UE4Editor-Engine.dll!0x00000000678DB38B
[2018.05.16-12.15.03:174][ 83]LogWindows: Error: UE4Editor-Engine.dll!0x00000000678E1E2B
[2018.05.16-12.15.03:174][ 83]LogWindows: Error: UE4Editor-Core.dll!0x000000006A3424F5
[2018.05.16-12.15.03:174][ 83]LogWindows: Error: UE4Editor-Core.dll!0x000000006A3427F0
[2018.05.16-12.15.03:174][ 83]LogWindows: Error: UE4Editor-Engine.dll!0x00000000678FE2B3
[2018.05.16-12.15.03:174][ 83]LogWindows: Error: UE4Editor-Engine.dll!0x0000000067903AA2
[2018.05.16-12.15.03:174][ 83]LogWindows: Error: UE4Editor-Engine.dll!0x00000000671FF944
[2018.05.16-12.15.03:174][ 83]LogWindows: Error: UE4Editor-Engine.dll!0x000000006720B766
[2018.05.16-12.15.03:174][ 83]LogWindows: Error: UE4Editor-UnrealEd.dll!0x00000000576CC982
[2018.05.16-12.15.03:174][ 83]LogWindows: Error: UE4Editor-UnrealEd.dll!0x0000000057F5D646
[2018.05.16-12.15.03:174][ 83]LogWindows: Error: UE4Editor.exe!0x0000000047D3534A
[2018.05.16-12.15.03:174][ 83]LogWindows: Error: UE4Editor.exe!0x0000000047D43970
[2018.05.16-12.15.03:174][ 83]LogWindows: Error: UE4Editor.exe!0x0000000047D439EA
[2018.05.16-12.15.03:174][ 83]LogWindows: Error: UE4Editor.exe!0x0000000047D502D9
[2018.05.16-12.15.03:174][ 83]LogWindows: Error: UE4Editor.exe!0x0000000047D51C47
[2018.05.16-12.15.03:174][ 83]LogWindows: Error: KERNEL32.DLL!0x00000000AEA11FE4
[2018.05.16-12.15.03:174][ 83]LogWindows: Error: ntdll.dll!0x00000000AEF9F061
[2018.05.16-12.15.03:174][ 83]LogWindows: Error: ntdll.dll!0x00000000AEF9F061
[2018.05.16-12.15.03:174][ 83]LogWindows: Error: 
[2018.05.16-12.15.03:191][ 83]LogExit: Executing StaticShutdownAfterError
[2018.05.16-12.15.03:194][ 83]LogWindows: FPlatformMisc::RequestExit(1)
[2018.05.16-12.15.03:195][ 83]Log file closed, 05/16/18 13:15:03
